{"level":"info","msg":"InitDBGorm success","time":"2025-11-10T23:44:16+08:00"}
{"level":"info","msg":"KITEX: server listen at addr=[::]:8888","time":"2025-11-10T23:44:16+08:00"}
{"level":"info","msg":"Pong: map[]","time":"2025-11-10T23:44:50+08:00"}
{"level":"info","msg":"Pong: map[]","time":"2025-11-10T23:45:10+08:00"}
{"level":"info","msg":"KITEX: gRPC GracefulShutdown starts","time":"2025-11-10T23:46:08+08:00"}
{"level":"info","msg":"KITEX: gRPC GracefulShutdown ends","time":"2025-11-10T23:46:08+08:00"}
{"level":"info","msg":"InitDBGorm success","time":"2025-11-10T23:46:15+08:00"}
{"level":"info","msg":"KITEX: server listen at addr=[::]:8888","time":"2025-11-10T23:46:15+08:00"}
{"level":"info","msg":"Pong: ","time":"2025-11-10T23:46:26+08:00"}
{"level":"info","msg":"KITEX: gRPC GracefulShutdown starts","time":"2025-11-10T23:46:29+08:00"}
{"level":"info","msg":"KITEX: gRPC GracefulShutdown ends","time":"2025-11-10T23:46:29+08:00"}
{"level":"info","msg":"InitDBGorm success","time":"2025-11-10T23:51:09+08:00"}
{"level":"info","msg":"KITEX: server listen at addr=[::]:8888","time":"2025-11-10T23:51:09+08:00"}
{"level":"info","msg":"Pong: ","time":"2025-11-10T23:53:32+08:00"}
{"level":"info","msg":"KITEX: gRPC GracefulShutdown starts","time":"2025-11-10T23:54:14+08:00"}
{"level":"info","msg":"KITEX: gRPC GracefulShutdown ends","time":"2025-11-10T23:54:14+08:00"}
{"level":"info","msg":"InitDBGorm success","time":"2025-11-10T23:54:42+08:00"}
{"level":"info","msg":"KITEX: server listen at addr=[::]:8888","time":"2025-11-10T23:54:42+08:00"}
{"level":"info","msg":"Pong: ","time":"2025-11-10T23:55:07+08:00"}
{"level":"info","msg":"ctx: null","time":"2025-11-10T23:55:55+08:00"}
{"level":"info","msg":"value: \u003cnil\u003e","time":"2025-11-10T23:55:55+08:00"}
{"level":"error","msg":"UserLogin err: user not found","time":"2025-11-10T23:55:55+08:00"}
{"level":"info","msg":"KITEX: gRPC GracefulShutdown starts","time":"2025-11-10T23:57:26+08:00"}
{"level":"info","msg":"KITEX: gRPC GracefulShutdown ends","time":"2025-11-10T23:57:26+08:00"}
